<?xml version="1.0" encoding="UTF-8"?>
<!-- Generated by org.testng.reporters.JUnitReportReporter -->
<testsuite hostname="IN-PG02P4WC" failures="0" tests="1" name="Tests.bestsellertest" time="12.685" errors="0" timestamp="25 Jul 2023 07:34:25 GMT" skipped="0">
  <testcase classname="Tests.bestsellertest" name="bestseller" time="12.685"/>
</testsuite> <!-- Tests.bestsellertest -->
