<?xml version="1.0" encoding="UTF-8"?>
<!-- Generated by org.testng.reporters.JUnitReportReporter -->
<testsuite hostname="IN-PG02P4WC" failures="0" tests="1" name="Tests.bestsellertest" time="9.453" errors="0" timestamp="24 Jul 2023 15:04:42 GMT" skipped="0">
  <testcase classname="Tests.bestsellertest" name="bestseller" time="9.453"/>
</testsuite> <!-- Tests.bestsellertest -->
